Время вызова функци: 2023-09-06 23:10:12.586542
Имя функции: hello_world
С аргументами: () и {}
С результатом:Hello World

Время вызова функци: 2023-09-06 23:10:12.586542
Имя функции: summator
С аргументами: (2, 2) и {}
С результатом:4

Время вызова функци: 2023-09-06 23:10:12.587541
Имя функции: div
С аргументами: (6, 2) и {}
С результатом:3.0

Время вызова функци: 2023-09-06 23:10:12.587541
Имя функции: summator
С аргументами: (4.3,) и {'b': 2.2}
С результатом:6.5

Время вызова функци: 2023-09-06 23:10:12.587541
Имя функции: flat_generator
С аргументами: ([[['a'], ['b', 'c']], ['d', 'e', [['f'], 'h'], False], [1, 2, None, [[[[['!']]]]], []]],) и {}
С результатом:<generator object test_2.<locals>.flat_generator at 0x000002CE4CC414E0>

