Время вызова функци: 2023-09-06 23:10:12.583544
Имя функции: hello_world
С аргументами: () и {}
С результатом:Hello World

Время вызова функци: 2023-09-06 23:10:12.584543
Имя функции: summator
С аргументами: (2, 2) и {}
С результатом:4

Время вызова функци: 2023-09-06 23:10:12.584543
Имя функции: div
С аргументами: (6, 2) и {}
С результатом:3.0

Время вызова функци: 2023-09-06 23:10:12.585543
Имя функции: summator
С аргументами: (4.3,) и {'b': 2.2}
С результатом:6.5

Время вызова функци: 2023-09-06 23:10:12.585543
Имя функции: summator
С аргументами: () и {'a': 0, 'b': 0}
С результатом:0

